<?xml version="1.0" encoding="UTF-8" ?>
<testsuite failures="0" time="0.275" errors="0" skipped="0" tests="1" name="fr.improve.xdi.DefaultXMLDecoderTest">
  <properties>
    <property name="java.runtime.name" value="Java(TM) SE Runtime Environment"/>
    <property name="sun.boot.library.path" value="/System/Library/Java/JavaVirtualMachines/1.6.0.jdk/Contents/Libraries"/>
    <property name="java.vm.version" value="20.45-b01-451"/>
    <property name="awt.nativeDoubleBuffering" value="true"/>
    <property name="gopherProxySet" value="false"/>
    <property name="mrj.build" value="11M4406"/>
    <property name="java.vm.vendor" value="Apple Inc."/>
    <property name="java.vendor.url" value="http://www.apple.com/"/>
    <property name="path.separator" value=":"/>
    <property name="java.vm.name" value="Java HotSpot(TM) 64-Bit Server VM"/>
    <property name="file.encoding.pkg" value="sun.io"/>
    <property name="user.country" value="FR"/>
    <property name="sun.java.launcher" value="SUN_STANDARD"/>
    <property name="sun.os.patch.level" value="unknown"/>
    <property name="java.vm.specification.name" value="Java Virtual Machine Specification"/>
    <property name="user.dir" value="/Users/sebmade/Projects/xdi/xdi-core"/>
    <property name="java.runtime.version" value="1.6.0_45-b06-451-11M4406"/>
    <property name="java.awt.graphicsenv" value="apple.awt.CGraphicsEnvironment"/>
    <property name="basedir" value="/Users/sebmade/Projects/xdi/xdi-core"/>
    <property name="java.endorsed.dirs" value="/System/Library/Java/JavaVirtualMachines/1.6.0.jdk/Contents/Home/lib/endorsed"/>
    <property name="os.arch" value="x86_64"/>
    <property name="surefire.real.class.path" value="/Users/sebmade/Projects/xdi/xdi-core/target/surefire/surefirebooter2614165573604766041.jar"/>
    <property name="java.io.tmpdir" value="/var/folders/ky/ztrckgj15kz06j6glg8x6khm0000gn/T/"/>
    <property name="line.separator" value="
"/>
    <property name="java.vm.specification.vendor" value="Sun Microsystems Inc."/>
    <property name="os.name" value="Mac OS X"/>
    <property name="sun.jnu.encoding" value="MacRoman"/>
    <property name="java.library.path" value=".:/Library/Java/Extensions:/System/Library/Java/Extensions:/usr/lib/java"/>
    <property name="surefire.test.class.path" value="/Users/sebmade/Projects/xdi/xdi-core/target/test-classes:/Users/sebmade/Projects/xdi/xdi-core/target/classes:/Users/sebmade/.m2/repository/junit/junit/4.7/junit-4.7.jar:/Users/sebmade/.m2/repository/commons-logging/commons-logging/1.1.1/commons-logging-1.1.1.jar:/Users/sebmade/.m2/repository/xerces/xercesImpl/2.10.0/xercesImpl-2.10.0.jar:/Users/sebmade/.m2/repository/xml-apis/xml-apis/1.4.01/xml-apis-1.4.01.jar:/Users/sebmade/.m2/repository/xalan/xalan/2.7.1/xalan-2.7.1.jar:/Users/sebmade/.m2/repository/xalan/serializer/2.7.1/serializer-2.7.1.jar:/Users/sebmade/.m2/repository/com/google/inject/guice/3.0/guice-3.0.jar:/Users/sebmade/.m2/repository/javax/inject/javax.inject/1/javax.inject-1.jar:/Users/sebmade/.m2/repository/aopalliance/aopalliance/1.0/aopalliance-1.0.jar:/Users/sebmade/.m2/repository/commons-lang/commons-lang/2.4/commons-lang-2.4.jar:/Users/sebmade/.m2/repository/com/webobjects/JavaFoundation/5.4.3/JavaFoundation-5.4.3.jar:/Users/sebmade/.m2/repository/log4j/log4j/1.2.15/log4j-1.2.15.jar:/Users/sebmade/.m2/repository/javax/mail/mail/1.4/mail-1.4.jar:/Users/sebmade/.m2/repository/javax/activation/activation/1.1/activation-1.1.jar:/Users/sebmade/.m2/repository/javax/jms/jms/1.1/jms-1.1.jar:/Users/sebmade/.m2/repository/com/sun/jdmk/jmxtools/1.2.1/jmxtools-1.2.1.jar:/Users/sebmade/.m2/repository/com/sun/jmx/jmxri/1.2.1/jmxri-1.2.1.jar:/Users/sebmade/.m2/repository/org/slf4j/slf4j-log4j12/1.6.3/slf4j-log4j12-1.6.3.jar:/Users/sebmade/.m2/repository/org/slf4j/slf4j-api/1.6.3/slf4j-api-1.6.3.jar:"/>
    <property name="java.specification.name" value="Java Platform API Specification"/>
    <property name="java.class.version" value="50.0"/>
    <property name="sun.management.compiler" value="HotSpot 64-Bit Tiered Compilers"/>
    <property name="os.version" value="10.8.3"/>
    <property name="http.nonProxyHosts" value="local|*.local|169.254/16|*.169.254/16"/>
    <property name="user.home" value="/Users/sebmade"/>
    <property name="user.timezone" value="Europe/Berlin"/>
    <property name="java.awt.printerjob" value="apple.awt.CPrinterJob"/>
    <property name="java.specification.version" value="1.6"/>
    <property name="file.encoding" value="MacRoman"/>
    <property name="user.name" value="sebmade"/>
    <property name="java.class.path" value="/Users/sebmade/Projects/xdi/xdi-core/target/test-classes:/Users/sebmade/Projects/xdi/xdi-core/target/classes:/Users/sebmade/.m2/repository/junit/junit/4.7/junit-4.7.jar:/Users/sebmade/.m2/repository/commons-logging/commons-logging/1.1.1/commons-logging-1.1.1.jar:/Users/sebmade/.m2/repository/xerces/xercesImpl/2.10.0/xercesImpl-2.10.0.jar:/Users/sebmade/.m2/repository/xml-apis/xml-apis/1.4.01/xml-apis-1.4.01.jar:/Users/sebmade/.m2/repository/xalan/xalan/2.7.1/xalan-2.7.1.jar:/Users/sebmade/.m2/repository/xalan/serializer/2.7.1/serializer-2.7.1.jar:/Users/sebmade/.m2/repository/com/google/inject/guice/3.0/guice-3.0.jar:/Users/sebmade/.m2/repository/javax/inject/javax.inject/1/javax.inject-1.jar:/Users/sebmade/.m2/repository/aopalliance/aopalliance/1.0/aopalliance-1.0.jar:/Users/sebmade/.m2/repository/commons-lang/commons-lang/2.4/commons-lang-2.4.jar:/Users/sebmade/.m2/repository/com/webobjects/JavaFoundation/5.4.3/JavaFoundation-5.4.3.jar:/Users/sebmade/.m2/repository/log4j/log4j/1.2.15/log4j-1.2.15.jar:/Users/sebmade/.m2/repository/javax/mail/mail/1.4/mail-1.4.jar:/Users/sebmade/.m2/repository/javax/activation/activation/1.1/activation-1.1.jar:/Users/sebmade/.m2/repository/javax/jms/jms/1.1/jms-1.1.jar:/Users/sebmade/.m2/repository/com/sun/jdmk/jmxtools/1.2.1/jmxtools-1.2.1.jar:/Users/sebmade/.m2/repository/com/sun/jmx/jmxri/1.2.1/jmxri-1.2.1.jar:/Users/sebmade/.m2/repository/org/slf4j/slf4j-log4j12/1.6.3/slf4j-log4j12-1.6.3.jar:/Users/sebmade/.m2/repository/org/slf4j/slf4j-api/1.6.3/slf4j-api-1.6.3.jar:"/>
    <property name="java.vm.specification.version" value="1.0"/>
    <property name="sun.arch.data.model" value="64"/>
    <property name="java.home" value="/System/Library/Java/JavaVirtualMachines/1.6.0.jdk/Contents/Home"/>
    <property name="sun.java.command" value="/Users/sebmade/Projects/xdi/xdi-core/target/surefire/surefirebooter2614165573604766041.jar /Users/sebmade/Projects/xdi/xdi-core/target/surefire/surefire5976553627548670978tmp /Users/sebmade/Projects/xdi/xdi-core/target/surefire/surefire7376907732395705348tmp"/>
    <property name="java.specification.vendor" value="Sun Microsystems Inc."/>
    <property name="user.language" value="fr"/>
    <property name="awt.toolkit" value="apple.awt.CToolkit"/>
    <property name="java.vm.info" value="mixed mode"/>
    <property name="java.version" value="1.6.0_45"/>
    <property name="java.ext.dirs" value="/Library/Java/Extensions:/System/Library/Java/Extensions:/System/Library/Java/JavaVirtualMachines/1.6.0.jdk/Contents/Home/lib/ext"/>
    <property name="sun.boot.class.path" value="/System/Library/Java/JavaVirtualMachines/1.6.0.jdk/Contents/Classes/jsfd.jar:/System/Library/Java/JavaVirtualMachines/1.6.0.jdk/Contents/Classes/classes.jar:/System/Library/Frameworks/JavaVM.framework/Frameworks/JavaRuntimeSupport.framework/Resources/Java/JavaRuntimeSupport.jar:/System/Library/Java/JavaVirtualMachines/1.6.0.jdk/Contents/Classes/ui.jar:/System/Library/Java/JavaVirtualMachines/1.6.0.jdk/Contents/Classes/laf.jar:/System/Library/Java/JavaVirtualMachines/1.6.0.jdk/Contents/Classes/sunrsasign.jar:/System/Library/Java/JavaVirtualMachines/1.6.0.jdk/Contents/Classes/jsse.jar:/System/Library/Java/JavaVirtualMachines/1.6.0.jdk/Contents/Classes/jce.jar:/System/Library/Java/JavaVirtualMachines/1.6.0.jdk/Contents/Classes/charsets.jar"/>
    <property name="java.vendor" value="Apple Inc."/>
    <property name="localRepository" value="/Users/sebmade/.m2/repository"/>
    <property name="file.separator" value="/"/>
    <property name="java.vendor.url.bug" value="http://bugreport.apple.com/"/>
    <property name="sun.cpu.endian" value="little"/>
    <property name="sun.io.unicode.encoding" value="UnicodeLittle"/>
    <property name="mrj.version" value="1070.1.6.0_45-451"/>
    <property name="socksNonProxyHosts" value="local|*.local|169.254/16|*.169.254/16"/>
    <property name="ftp.nonProxyHosts" value="local|*.local|169.254/16|*.169.254/16"/>
    <property name="sun.cpu.isalist" value=""/>
  </properties>
  <testcase time="0.243" classname="fr.improve.xdi.DefaultXMLDecoderTest" name="decodeDateShouldAlwaysReturnGivenClassType"/>
</testsuite>